This file contains any messages produced by compilers while
running configure, to aid debugging if configure makes a mistake.

It was created by gjiten configure 2.6, which was
generated by GNU Autoconf 2.59e.  Invocation command line was

  $ /home/joj/@lilium/workspace/experimental/gjiten-2.7/gjiten-2.6/./configure --build=x86_64-linux-gnu --prefix=/usr --includedir=${prefix}/include --mandir=${prefix}/share/man --infodir=${prefix}/share/info --sysconfdir=/etc --localstatedir=/var --libexecdir=${prefix}/lib/gjiten --srcdir=. --disable-maintainer-mode --disable-dependency-tracking --disable-silent-rules

## --------- ##
## Platform. ##
## --------- ##

hostname = camelia
uname -m = x86_64
uname -r = 3.9-10.dmz.1-liquorix-amd64
uname -s = Linux
uname -v = #1 ZEN SMP PREEMPT Tue Jul 16 06:39:41 UTC 2013

/usr/bin/uname -p = unknown
/bin/uname -X     = unknown

/bin/arch              = unknown
/usr/bin/arch -k       = unknown
/usr/convex/getsysinfo = unknown
/usr/bin/hostinfo      = unknown
/bin/machine           = unknown
/usr/bin/oslevel       = unknown
/bin/universe          = unknown

PATH: /home/joj/bin
PATH: /usr/lib/mutt
PATH: /usr/local/bin
PATH: /usr/bin
PATH: /bin
PATH: /usr/games
PATH: /sbin
PATH: /usr/sbin


## ----------- ##
## Core tests. ##
## ----------- ##

configure:2027: checking for a BSD-compatible install
configure:2083: result: /usr/bin/install -c
configure:2094: checking whether build environment is sane
configure:2137: result: yes
configure:2202: checking for gawk
configure:2218: found /usr/bin/gawk
configure:2229: result: gawk
configure:2240: checking whether make sets $(MAKE)
configure:2261: result: yes
configure:2461: checking for style of include used by make
configure:2489: result: GNU
configure:2562: checking for gcc
configure:2578: found /usr/bin/gcc
configure:2589: result: gcc
configure:2827: checking for C compiler version
configure:2834: gcc --version >&5
gcc (Debian 4.7.3-6) 4.7.3
Copyright (C) 2012 Free Software Foundation, Inc.
This is free software; see the source for copying conditions.  There is NO
warranty; not even for MERCHANTABILITY or FITNESS FOR A PARTICULAR PURPOSE.

configure:2837: $? = 0
configure:2844: gcc -v >&5
Using built-in specs.
COLLECT_GCC=gcc
COLLECT_LTO_WRAPPER=/usr/lib/gcc/x86_64-linux-gnu/4.7/lto-wrapper
Target: x86_64-linux-gnu
Configured with: ../src/configure -v --with-pkgversion='Debian 4.7.3-6' --with-bugurl=file:///usr/share/doc/gcc-4.7/README.Bugs --enable-languages=c,c++,go,fortran,objc,obj-c++ --prefix=/usr --program-suffix=-4.7 --enable-shared --enable-linker-build-id --libexecdir=/usr/lib --without-included-gettext --enable-threads=posix --with-gxx-include-dir=/usr/include/c++/4.7 --libdir=/usr/lib --enable-nls --with-sysroot=/ --enable-clocale=gnu --enable-libstdcxx-debug --enable-gnu-unique-object --enable-plugin --with-system-zlib --enable-objc-gc --with-cloog --enable-cloog-backend=ppl --disable-cloog-version-check --disable-ppl-version-check --enable-multiarch --with-arch-32=i586 --with-abi=m64 --with-multilib-list=m32,m64,mx32 --with-tune=generic --enable-checking=release --build=x86_64-linux-gnu --host=x86_64-linux-gnu --target=x86_64-linux-gnu
Thread model: posix
gcc version 4.7.3 (Debian 4.7.3-6) 
configure:2847: $? = 0
configure:2854: gcc -V >&5
gcc: error: unrecognized command line option '-V'
gcc: fatal error: no input files
compilation terminated.
configure:2857: $? = 4
configure:2880: checking for C compiler default output file name
configure:2907: gcc -g -O2 -fstack-protector --param=ssp-buffer-size=4 -Wformat -Werror=format-security -Wall -D_FORTIFY_SOURCE=2 -Wl,-z,relro conftest.c  >&5
configure:2910: $? = 0
configure:2956: result: a.out
configure:2961: checking whether the C compiler works
configure:2971: ./a.out
configure:2974: $? = 0
configure:2991: result: yes
configure:2998: checking whether we are cross compiling
configure:3000: result: no
configure:3003: checking for suffix of executables
configure:3010: gcc -o conftest -g -O2 -fstack-protector --param=ssp-buffer-size=4 -Wformat -Werror=format-security -Wall -D_FORTIFY_SOURCE=2 -Wl,-z,relro conftest.c  >&5
configure:3013: $? = 0
configure:3037: result: 
configure:3043: checking for suffix of object files
configure:3069: gcc -c -g -O2 -fstack-protector --param=ssp-buffer-size=4 -Wformat -Werror=format-security -Wall -D_FORTIFY_SOURCE=2 conftest.c >&5
configure:3072: $? = 0
configure:3095: result: o
configure:3099: checking whether we are using the GNU C compiler
configure:3128: gcc -c -g -O2 -fstack-protector --param=ssp-buffer-size=4 -Wformat -Werror=format-security -Wall -D_FORTIFY_SOURCE=2 conftest.c >&5
configure:3134: $? = 0
configure:3141: test -z "$ac_c_werror_flag" || test ! -s conftest.err
configure:3144: $? = 0
configure:3151: test -s conftest.o
configure:3154: $? = 0
configure:3168: result: yes
configure:3173: checking whether gcc accepts -g
configure:3203: gcc -c -g -D_FORTIFY_SOURCE=2 conftest.c >&5
configure:3209: $? = 0
configure:3216: test -z "$ac_c_werror_flag" || test ! -s conftest.err
configure:3219: $? = 0
configure:3226: test -s conftest.o
configure:3229: $? = 0
configure:3359: result: yes
configure:3376: checking for gcc option to accept ISO C89
configure:3445: gcc  -c -g -O2 -fstack-protector --param=ssp-buffer-size=4 -Wformat -Werror=format-security -Wall -D_FORTIFY_SOURCE=2 conftest.c >&5
configure:3451: $? = 0
configure:3458: test -z "$ac_c_werror_flag" || test ! -s conftest.err
configure:3461: $? = 0
configure:3468: test -s conftest.o
configure:3471: $? = 0
configure:3491: result: none needed
configure:3511: checking dependency style of gcc
configure:3601: result: none
configure:3619: checking for library containing strerror
configure:3660: gcc -o conftest -g -O2 -fstack-protector --param=ssp-buffer-size=4 -Wformat -Werror=format-security -Wall -D_FORTIFY_SOURCE=2 -Wl,-z,relro conftest.c  >&5
configure:3666: $? = 0
configure:3673: test -z "$ac_c_werror_flag" || test ! -s conftest.err
configure:3676: $? = 0
configure:3683: test -s conftest
configure:3686: $? = 0
configure:3710: result: none required
configure:3766: checking for gcc
configure:3793: result: gcc
configure:4031: checking for C compiler version
configure:4038: gcc --version >&5
gcc (Debian 4.7.3-6) 4.7.3
Copyright (C) 2012 Free Software Foundation, Inc.
This is free software; see the source for copying conditions.  There is NO
warranty; not even for MERCHANTABILITY or FITNESS FOR A PARTICULAR PURPOSE.

configure:4041: $? = 0
configure:4048: gcc -v >&5
Using built-in specs.
COLLECT_GCC=gcc
COLLECT_LTO_WRAPPER=/usr/lib/gcc/x86_64-linux-gnu/4.7/lto-wrapper
Target: x86_64-linux-gnu
Configured with: ../src/configure -v --with-pkgversion='Debian 4.7.3-6' --with-bugurl=file:///usr/share/doc/gcc-4.7/README.Bugs --enable-languages=c,c++,go,fortran,objc,obj-c++ --prefix=/usr --program-suffix=-4.7 --enable-shared --enable-linker-build-id --libexecdir=/usr/lib --without-included-gettext --enable-threads=posix --with-gxx-include-dir=/usr/include/c++/4.7 --libdir=/usr/lib --enable-nls --with-sysroot=/ --enable-clocale=gnu --enable-libstdcxx-debug --enable-gnu-unique-object --enable-plugin --with-system-zlib --enable-objc-gc --with-cloog --enable-cloog-backend=ppl --disable-cloog-version-check --disable-ppl-version-check --enable-multiarch --with-arch-32=i586 --with-abi=m64 --with-multilib-list=m32,m64,mx32 --with-tune=generic --enable-checking=release --build=x86_64-linux-gnu --host=x86_64-linux-gnu --target=x86_64-linux-gnu
Thread model: posix
gcc version 4.7.3 (Debian 4.7.3-6) 
configure:4051: $? = 0
configure:4058: gcc -V >&5
gcc: error: unrecognized command line option '-V'
gcc: fatal error: no input files
compilation terminated.
configure:4061: $? = 4
configure:4064: checking whether we are using the GNU C compiler
configure:4133: result: yes
configure:4138: checking whether gcc accepts -g
configure:4324: result: yes
configure:4341: checking for gcc option to accept ISO C89
configure:4456: result: none needed
configure:4476: checking dependency style of gcc
configure:4566: result: none
configure:4597: checking for a BSD-compatible install
configure:4653: result: /usr/bin/install -c
configure:4742: checking build system type
configure:4760: result: x86_64-pc-linux-gnu
configure:4782: checking host system type
configure:4797: result: x86_64-pc-linux-gnu
configure:4819: checking for a sed that does not truncate output
configure:4873: result: /bin/sed
configure:4876: checking for grep that handles long lines and -e
configure:4950: result: /bin/grep
configure:4955: checking for egrep
configure:5033: result: /bin/grep -E
configure:5049: checking for ld used by gcc
configure:5116: result: /usr/bin/ld
configure:5125: checking if the linker (/usr/bin/ld) is GNU ld
configure:5140: result: yes
configure:5145: checking for /usr/bin/ld option to reload object files
configure:5152: result: -r
configure:5170: checking for BSD-compatible nm
configure:5219: result: /usr/bin/nm -B
configure:5223: checking whether ln -s works
configure:5227: result: yes
configure:5234: checking how to recognise dependent libraries
configure:5410: result: pass_all
configure:5497: gcc -c -g -O2 -fstack-protector --param=ssp-buffer-size=4 -Wformat -Werror=format-security -Wall -D_FORTIFY_SOURCE=2 conftest.c >&5
configure:5500: $? = 0
configure:5659: checking how to run the C preprocessor
configure:5699: gcc -E -D_FORTIFY_SOURCE=2 conftest.c
configure:5705: $? = 0
configure:5743: gcc -E -D_FORTIFY_SOURCE=2 conftest.c
conftest.c:10:28: fatal error: ac_nonexistent.h: No such file or directory
compilation terminated.
configure:5749: $? = 1
configure: failed program was:
| /* confdefs.h.  */
| #define PACKAGE_NAME "gjiten"
| #define PACKAGE_TARNAME "gjiten"
| #define PACKAGE_VERSION "2.6"
| #define PACKAGE_STRING "gjiten 2.6"
| #define PACKAGE_BUGREPORT ""
| #define PACKAGE "gjiten"
| #define VERSION "2.6"
| /* end confdefs.h.  */
| #include <ac_nonexistent.h>
configure:5789: result: gcc -E
configure:5818: gcc -E -D_FORTIFY_SOURCE=2 conftest.c
configure:5824: $? = 0
configure:5862: gcc -E -D_FORTIFY_SOURCE=2 conftest.c
conftest.c:10:28: fatal error: ac_nonexistent.h: No such file or directory
compilation terminated.
configure:5868: $? = 1
configure: failed program was:
| /* confdefs.h.  */
| #define PACKAGE_NAME "gjiten"
| #define PACKAGE_TARNAME "gjiten"
| #define PACKAGE_VERSION "2.6"
| #define PACKAGE_STRING "gjiten 2.6"
| #define PACKAGE_BUGREPORT ""
| #define PACKAGE "gjiten"
| #define VERSION "2.6"
| /* end confdefs.h.  */
| #include <ac_nonexistent.h>
configure:5913: checking for ANSI C header files
configure:5943: gcc -c -g -O2 -fstack-protector --param=ssp-buffer-size=4 -Wformat -Werror=format-security -Wall -D_FORTIFY_SOURCE=2 conftest.c >&5
configure:5949: $? = 0
configure:5956: test -z "$ac_c_werror_flag" || test ! -s conftest.err
configure:5959: $? = 0
configure:5966: test -s conftest.o
configure:5969: $? = 0
configure:6065: gcc -o conftest -g -O2 -fstack-protector --param=ssp-buffer-size=4 -Wformat -Werror=format-security -Wall -D_FORTIFY_SOURCE=2 -Wl,-z,relro conftest.c  >&5
configure:6068: $? = 0
configure:6074: ./conftest
configure:6077: $? = 0
configure:6094: result: yes
configure:6118: checking for sys/types.h
configure:6139: gcc -c -g -O2 -fstack-protector --param=ssp-buffer-size=4 -Wformat -Werror=format-security -Wall -D_FORTIFY_SOURCE=2 conftest.c >&5
configure:6145: $? = 0
configure:6152: test -z "$ac_c_werror_flag" || test ! -s conftest.err
configure:6155: $? = 0
configure:6162: test -s conftest.o
configure:6165: $? = 0
configure:6178: result: yes
configure:6118: checking for sys/stat.h
configure:6139: gcc -c -g -O2 -fstack-protector --param=ssp-buffer-size=4 -Wformat -Werror=format-security -Wall -D_FORTIFY_SOURCE=2 conftest.c >&5
configure:6145: $? = 0
configure:6152: test -z "$ac_c_werror_flag" || test ! -s conftest.err
configure:6155: $? = 0
configure:6162: test -s conftest.o
configure:6165: $? = 0
configure:6178: result: yes
configure:6118: checking for stdlib.h
configure:6139: gcc -c -g -O2 -fstack-protector --param=ssp-buffer-size=4 -Wformat -Werror=format-security -Wall -D_FORTIFY_SOURCE=2 conftest.c >&5
configure:6145: $? = 0
configure:6152: test -z "$ac_c_werror_flag" || test ! -s conftest.err
configure:6155: $? = 0
configure:6162: test -s conftest.o
configure:6165: $? = 0
configure:6178: result: yes
configure:6118: checking for string.h
configure:6139: gcc -c -g -O2 -fstack-protector --param=ssp-buffer-size=4 -Wformat -Werror=format-security -Wall -D_FORTIFY_SOURCE=2 conftest.c >&5
configure:6145: $? = 0
configure:6152: test -z "$ac_c_werror_flag" || test ! -s conftest.err
configure:6155: $? = 0
configure:6162: test -s conftest.o
configure:6165: $? = 0
configure:6178: result: yes
configure:6118: checking for memory.h
configure:6139: gcc -c -g -O2 -fstack-protector --param=ssp-buffer-size=4 -Wformat -Werror=format-security -Wall -D_FORTIFY_SOURCE=2 conftest.c >&5
configure:6145: $? = 0
configure:6152: test -z "$ac_c_werror_flag" || test ! -s conftest.err
configure:6155: $? = 0
configure:6162: test -s conftest.o
configure:6165: $? = 0
configure:6178: result: yes
configure:6118: checking for strings.h
configure:6139: gcc -c -g -O2 -fstack-protector --param=ssp-buffer-size=4 -Wformat -Werror=format-security -Wall -D_FORTIFY_SOURCE=2 conftest.c >&5
configure:6145: $? = 0
configure:6152: test -z "$ac_c_werror_flag" || test ! -s conftest.err
configure:6155: $? = 0
configure:6162: test -s conftest.o
configure:6165: $? = 0
configure:6178: result: yes
configure:6118: checking for inttypes.h
configure:6139: gcc -c -g -O2 -fstack-protector --param=ssp-buffer-size=4 -Wformat -Werror=format-security -Wall -D_FORTIFY_SOURCE=2 conftest.c >&5
configure:6145: $? = 0
configure:6152: test -z "$ac_c_werror_flag" || test ! -s conftest.err
configure:6155: $? = 0
configure:6162: test -s conftest.o
configure:6165: $? = 0
configure:6178: result: yes
configure:6118: checking for stdint.h
configure:6139: gcc -c -g -O2 -fstack-protector --param=ssp-buffer-size=4 -Wformat -Werror=format-security -Wall -D_FORTIFY_SOURCE=2 conftest.c >&5
configure:6145: $? = 0
configure:6152: test -z "$ac_c_werror_flag" || test ! -s conftest.err
configure:6155: $? = 0
configure:6162: test -s conftest.o
configure:6165: $? = 0
configure:6178: result: yes
configure:6118: checking for unistd.h
configure:6139: gcc -c -g -O2 -fstack-protector --param=ssp-buffer-size=4 -Wformat -Werror=format-security -Wall -D_FORTIFY_SOURCE=2 conftest.c >&5
configure:6145: $? = 0
configure:6152: test -z "$ac_c_werror_flag" || test ! -s conftest.err
configure:6155: $? = 0
configure:6162: test -s conftest.o
configure:6165: $? = 0
configure:6178: result: yes
configure:6205: checking dlfcn.h usability
configure:6222: gcc -c -g -O2 -fstack-protector --param=ssp-buffer-size=4 -Wformat -Werror=format-security -Wall -D_FORTIFY_SOURCE=2 conftest.c >&5
configure:6228: $? = 0
configure:6235: test -z "$ac_c_werror_flag" || test ! -s conftest.err
configure:6238: $? = 0
configure:6245: test -s conftest.o
configure:6248: $? = 0
configure:6259: result: yes
configure:6263: checking dlfcn.h presence
configure:6278: gcc -E -D_FORTIFY_SOURCE=2 conftest.c
configure:6284: $? = 0
configure:6305: result: yes
configure:6333: checking for dlfcn.h
configure:6341: result: yes
configure:6412: checking for g++
configure:6428: found /usr/bin/g++
configure:6439: result: g++
configure:6470: checking for C++ compiler version
configure:6477: g++ --version >&5
g++ (Debian 4.7.3-6) 4.7.3
Copyright (C) 2012 Free Software Foundation, Inc.
This is free software; see the source for copying conditions.  There is NO
warranty; not even for MERCHANTABILITY or FITNESS FOR A PARTICULAR PURPOSE.

configure:6480: $? = 0
configure:6487: g++ -v >&5
Using built-in specs.
COLLECT_GCC=g++
COLLECT_LTO_WRAPPER=/usr/lib/gcc/x86_64-linux-gnu/4.7/lto-wrapper
Target: x86_64-linux-gnu
Configured with: ../src/configure -v --with-pkgversion='Debian 4.7.3-6' --with-bugurl=file:///usr/share/doc/gcc-4.7/README.Bugs --enable-languages=c,c++,go,fortran,objc,obj-c++ --prefix=/usr --program-suffix=-4.7 --enable-shared --enable-linker-build-id --libexecdir=/usr/lib --without-included-gettext --enable-threads=posix --with-gxx-include-dir=/usr/include/c++/4.7 --libdir=/usr/lib --enable-nls --with-sysroot=/ --enable-clocale=gnu --enable-libstdcxx-debug --enable-gnu-unique-object --enable-plugin --with-system-zlib --enable-objc-gc --with-cloog --enable-cloog-backend=ppl --disable-cloog-version-check --disable-ppl-version-check --enable-multiarch --with-arch-32=i586 --with-abi=m64 --with-multilib-list=m32,m64,mx32 --with-tune=generic --enable-checking=release --build=x86_64-linux-gnu --host=x86_64-linux-gnu --target=x86_64-linux-gnu
Thread model: posix
gcc version 4.7.3 (Debian 4.7.3-6) 
configure:6490: $? = 0
configure:6497: g++ -V >&5
g++: error: unrecognized command line option '-V'
g++: fatal error: no input files
compilation terminated.
configure:6500: $? = 4
configure:6503: checking whether we are using the GNU C++ compiler
configure:6532: g++ -c -g -O2 -fstack-protector --param=ssp-buffer-size=4 -Wformat -Werror=format-security -Wall -D_FORTIFY_SOURCE=2 conftest.cpp >&5
configure:6538: $? = 0
configure:6545: test -z "$ac_cxx_werror_flag" || test ! -s conftest.err
configure:6548: $? = 0
configure:6555: test -s conftest.o
configure:6558: $? = 0
configure:6572: result: yes
configure:6577: checking whether g++ accepts -g
configure:6607: g++ -c -g -D_FORTIFY_SOURCE=2 conftest.cpp >&5
configure:6613: $? = 0
configure:6620: test -z "$ac_cxx_werror_flag" || test ! -s conftest.err
configure:6623: $? = 0
configure:6630: test -s conftest.o
configure:6633: $? = 0
configure:6763: result: yes
configure:6788: checking dependency style of g++
configure:6878: result: none
configure:6905: checking how to run the C++ preprocessor
configure:6941: g++ -E -D_FORTIFY_SOURCE=2 conftest.cpp
configure:6947: $? = 0
configure:6985: g++ -E -D_FORTIFY_SOURCE=2 conftest.cpp
conftest.cpp:21:28: fatal error: ac_nonexistent.h: No such file or directory
compilation terminated.
configure:6991: $? = 1
configure: failed program was:
| /* confdefs.h.  */
| #define PACKAGE_NAME "gjiten"
| #define PACKAGE_TARNAME "gjiten"
| #define PACKAGE_VERSION "2.6"
| #define PACKAGE_STRING "gjiten 2.6"
| #define PACKAGE_BUGREPORT ""
| #define PACKAGE "gjiten"
| #define VERSION "2.6"
| #define STDC_HEADERS 1
| #define HAVE_SYS_TYPES_H 1
| #define HAVE_SYS_STAT_H 1
| #define HAVE_STDLIB_H 1
| #define HAVE_STRING_H 1
| #define HAVE_MEMORY_H 1
| #define HAVE_STRINGS_H 1
| #define HAVE_INTTYPES_H 1
| #define HAVE_STDINT_H 1
| #define HAVE_UNISTD_H 1
| #define HAVE_DLFCN_H 1
| /* end confdefs.h.  */
| #include <ac_nonexistent.h>
configure:7031: result: g++ -E
configure:7060: g++ -E -D_FORTIFY_SOURCE=2 conftest.cpp
configure:7066: $? = 0
configure:7104: g++ -E -D_FORTIFY_SOURCE=2 conftest.cpp
conftest.cpp:21:28: fatal error: ac_nonexistent.h: No such file or directory
compilation terminated.
configure:7110: $? = 1
configure: failed program was:
| /* confdefs.h.  */
| #define PACKAGE_NAME "gjiten"
| #define PACKAGE_TARNAME "gjiten"
| #define PACKAGE_VERSION "2.6"
| #define PACKAGE_STRING "gjiten 2.6"
| #define PACKAGE_BUGREPORT ""
| #define PACKAGE "gjiten"
| #define VERSION "2.6"
| #define STDC_HEADERS 1
| #define HAVE_SYS_TYPES_H 1
| #define HAVE_SYS_STAT_H 1
| #define HAVE_STDLIB_H 1
| #define HAVE_STRING_H 1
| #define HAVE_MEMORY_H 1
| #define HAVE_STRINGS_H 1
| #define HAVE_INTTYPES_H 1
| #define HAVE_STDINT_H 1
| #define HAVE_UNISTD_H 1
| #define HAVE_DLFCN_H 1
| /* end confdefs.h.  */
| #include <ac_nonexistent.h>
configure:7210: checking for g77
configure:7240: result: no
configure:7210: checking for f77
configure:7240: result: no
configure:7210: checking for xlf
configure:7240: result: no
configure:7210: checking for frt
configure:7240: result: no
configure:7210: checking for pgf77
configure:7240: result: no
configure:7210: checking for cf77
configure:7240: result: no
configure:7210: checking for fort77
configure:7240: result: no
configure:7210: checking for fl32
configure:7240: result: no
configure:7210: checking for af77
configure:7240: result: no
configure:7210: checking for f90
configure:7240: result: no
configure:7210: checking for xlf90
configure:7240: result: no
configure:7210: checking for pgf90
configure:7240: result: no
configure:7210: checking for pghpf
configure:7240: result: no
configure:7210: checking for epcf90
configure:7240: result: no
configure:7210: checking for gfortran
configure:7240: result: no
configure:7210: checking for g95
configure:7240: result: no
configure:7210: checking for f95
configure:7240: result: no
configure:7210: checking for fort
configure:7240: result: no
configure:7210: checking for xlf95
configure:7240: result: no
configure:7210: checking for ifort
configure:7240: result: no
configure:7210: checking for ifc
configure:7240: result: no
configure:7210: checking for efc
configure:7240: result: no
configure:7210: checking for pgf95
configure:7240: result: no
configure:7210: checking for lf95
configure:7240: result: no
configure:7210: checking for ftn
configure:7240: result: no
configure:7267: checking for Fortran 77 compiler version
configure:7274:  --version >&5
/home/joj/@lilium/workspace/experimental/gjiten-2.7/gjiten-2.6/./configure: line 7275: --version: command not found
configure:7277: $? = 127
configure:7284:  -v >&5
/home/joj/@lilium/workspace/experimental/gjiten-2.7/gjiten-2.6/./configure: line 7285: -v: command not found
configure:7287: $? = 127
configure:7294:  -V >&5
/home/joj/@lilium/workspace/experimental/gjiten-2.7/gjiten-2.6/./configure: line 7295: -V: command not found
configure:7297: $? = 127
configure:7305: checking whether we are using the GNU Fortran 77 compiler
configure:7324:  -c  conftest.F >&5
/home/joj/@lilium/workspace/experimental/gjiten-2.7/gjiten-2.6/./configure: line 7325: -c: command not found
configure:7330: $? = 127
configure: failed program was:
|       program main
| #ifndef __GNUC__
|        choke me
| #endif
| 
|       end
configure:7364: result: no
configure:7370: checking whether  accepts -g
configure:7387:  -c -g conftest.f >&5
/home/joj/@lilium/workspace/experimental/gjiten-2.7/gjiten-2.6/./configure: line 7388: -c: command not found
configure:7393: $? = 127
configure: failed program was:
|       program main
| 
|       end
configure:7426: result: no
configure:7456: checking the maximum length of command line arguments
configure:7565: result: 32768
configure:7576: checking command to parse /usr/bin/nm -B output from gcc object
configure:7681: gcc -c -g -O2 -fstack-protector --param=ssp-buffer-size=4 -Wformat -Werror=format-security -Wall -D_FORTIFY_SOURCE=2 conftest.c >&5
configure:7684: $? = 0
configure:7688: /usr/bin/nm -B conftest.o \| sed -n -e 's/^.*[ 	]\([ABCDGIRSTW][ABCDGIRSTW]*\)[ 	][ 	]*\([_A-Za-z][_A-Za-z0-9]*\)$/\1 \2 \2/p' \> conftest.nm
configure:7691: $? = 0
configure:7743: gcc -o conftest -g -O2 -fstack-protector --param=ssp-buffer-size=4 -Wformat -Werror=format-security -Wall -D_FORTIFY_SOURCE=2 -Wl,-z,relro conftest.c conftstm.o >&5
configure:7746: $? = 0
configure:7784: result: ok
configure:7788: checking for objdir
configure:7803: result: .libs
configure:7895: checking for ar
configure:7911: found /usr/bin/ar
configure:7922: result: ar
configure:7991: checking for ranlib
configure:8007: found /usr/bin/ranlib
configure:8018: result: ranlib
configure:8087: checking for strip
configure:8103: found /usr/bin/strip
configure:8114: result: strip
configure:8400: checking if gcc supports -fno-rtti -fno-exceptions
configure:8418: gcc -c -g -O2 -fstack-protector --param=ssp-buffer-size=4 -Wformat -Werror=format-security -Wall -D_FORTIFY_SOURCE=2 -fno-rtti -fno-exceptions conftest.c >&5
cc1: warning: command line option '-fno-rtti' is valid for C++/ObjC++ but not for C [enabled by default]
configure:8422: $? = 0
configure:8435: result: no
configure:8450: checking for gcc option to produce PIC
configure:8660: result: -fPIC
configure:8668: checking if gcc PIC flag -fPIC works
configure:8686: gcc -c -g -O2 -fstack-protector --param=ssp-buffer-size=4 -Wformat -Werror=format-security -Wall -D_FORTIFY_SOURCE=2 -fPIC -DPIC conftest.c >&5
configure:8690: $? = 0
configure:8703: result: yes
configure:8731: checking if gcc static flag -static works
configure:8759: result: yes
configure:8769: checking if gcc supports -c -o file.o
configure:8790: gcc -c -g -O2 -fstack-protector --param=ssp-buffer-size=4 -Wformat -Werror=format-security -Wall -D_FORTIFY_SOURCE=2 -o out/conftest2.o conftest.c >&5
configure:8794: $? = 0
configure:8816: result: yes
configure:8842: checking whether the gcc linker (/usr/bin/ld -m elf_x86_64) supports shared libraries
configure:9829: result: yes
configure:9850: checking whether -lc should be explicitly linked in
configure:9855: gcc -c -g -O2 -fstack-protector --param=ssp-buffer-size=4 -Wformat -Werror=format-security -Wall -D_FORTIFY_SOURCE=2 conftest.c >&5
configure:9858: $? = 0
configure:9873: gcc -shared conftest.o  -v -Wl,-soname -Wl,conftest -o conftest 2\>\&1 \| grep  -lc  \>/dev/null 2\>\&1
configure:9876: $? = 0
configure:9888: result: no
configure:9896: checking dynamic linker characteristics
configure:10472: result: GNU/Linux ld.so
configure:10481: checking how to hardcode library paths into programs
configure:10506: result: immediate
configure:10520: checking whether stripping libraries is possible
configure:10525: result: yes
configure:11438: checking if libtool supports shared libraries
configure:11440: result: yes
configure:11443: checking whether to build shared libraries
configure:11464: result: yes
configure:11467: checking whether to build static libraries
configure:11471: result: yes
configure:11563: creating libtool
configure:12151: checking for ld used by g++
configure:12218: result: /usr/bin/ld -m elf_x86_64
configure:12227: checking if the linker (/usr/bin/ld -m elf_x86_64) is GNU ld
configure:12242: result: yes
configure:12293: checking whether the g++ linker (/usr/bin/ld -m elf_x86_64) supports shared libraries
configure:13259: result: yes
configure:13277: g++ -c -g -O2 -fstack-protector --param=ssp-buffer-size=4 -Wformat -Werror=format-security -Wall -D_FORTIFY_SOURCE=2 conftest.cpp >&5
configure:13280: $? = 0
configure:13399: checking for g++ option to produce PIC
configure:13673: result: -fPIC
configure:13681: checking if g++ PIC flag -fPIC works
configure:13699: g++ -c -g -O2 -fstack-protector --param=ssp-buffer-size=4 -Wformat -Werror=format-security -Wall -D_FORTIFY_SOURCE=2 -fPIC -DPIC conftest.cpp >&5
configure:13703: $? = 0
configure:13716: result: yes
configure:13744: checking if g++ static flag -static works
configure:13772: result: yes
configure:13782: checking if g++ supports -c -o file.o
configure:13803: g++ -c -g -O2 -fstack-protector --param=ssp-buffer-size=4 -Wformat -Werror=format-security -Wall -D_FORTIFY_SOURCE=2 -o out/conftest2.o conftest.cpp >&5
configure:13807: $? = 0
configure:13829: result: yes
configure:13855: checking whether the g++ linker (/usr/bin/ld -m elf_x86_64) supports shared libraries
configure:13883: result: yes
configure:13950: checking dynamic linker characteristics
configure:14526: result: GNU/Linux ld.so
configure:14535: checking how to hardcode library paths into programs
configure:14560: result: immediate
configure:20742: checking whether make sets $(MAKE)
configure:20763: result: yes
configure:20784: checking for intltool >= 0.22
configure:20791: result: 0.35.0 found
configure:20847: checking for perl
configure:20865: found /usr/bin/perl
configure:20877: result: /usr/bin/perl
configure:20896: checking for XML::Parser
configure:20899: result: ok
configure:20910: checking for iconv
configure:20928: found /usr/bin/iconv
configure:20941: result: /usr/bin/iconv
configure:20951: checking for msgfmt
configure:20969: found /usr/bin/msgfmt
configure:20982: result: /usr/bin/msgfmt
configure:20992: checking for msgmerge
configure:21010: found /usr/bin/msgmerge
configure:21023: result: /usr/bin/msgmerge
configure:21033: checking for xgettext
configure:21051: found /usr/bin/xgettext
configure:21064: result: /usr/bin/xgettext
configure:21085: checking for gconftool-2
configure:21103: found /usr/bin/gconftool-2
configure:21115: result: /usr/bin/gconftool-2
configure:21183: checking for pkg-config
configure:21201: found /usr/bin/pkg-config
configure:21213: result: /usr/bin/pkg-config
configure:21242: checking pkg-config is at least version 0.9.0
configure:21245: result: yes
configure:21256: checking for GJITEN
configure:21264: $PKG_CONFIG --exists --print-errors "libgnome-2.0 >= 2.2.0 libgnomeui-2.0 >= 2.2.0 libglade-2.0 gconf-2.0"
configure:21267: $? = 0
configure:21282: $PKG_CONFIG --exists --print-errors "libgnome-2.0 >= 2.2.0 libgnomeui-2.0 >= 2.2.0 libglade-2.0 gconf-2.0"
configure:21285: $? = 0
configure:21361: result: yes
configure:21380: result: Using config source xml:merged:/etc/gconf/gconf.xml.defaults for schema installation
configure:21395: result: Using $(sysconfdir)/gconf/schemas as install directory for schema files
configure:21421: checking for ANSI C header files
configure:21602: result: yes
configure:21633: checking errno.h usability
configure:21650: gcc -c -g -O2 -fstack-protector --param=ssp-buffer-size=4 -Wformat -Werror=format-security -Wall -D_FORTIFY_SOURCE=2 conftest.c >&5
configure:21656: $? = 0
configure:21663: test -z "$ac_c_werror_flag" || test ! -s conftest.err
configure:21666: $? = 0
configure:21673: test -s conftest.o
configure:21676: $? = 0
configure:21687: result: yes
configure:21691: checking errno.h presence
configure:21706: gcc -E -D_FORTIFY_SOURCE=2 conftest.c
configure:21712: $? = 0
configure:21733: result: yes
configure:21761: checking for errno.h
configure:21769: result: yes
configure:21633: checking fcntl.h usability
configure:21650: gcc -c -g -O2 -fstack-protector --param=ssp-buffer-size=4 -Wformat -Werror=format-security -Wall -D_FORTIFY_SOURCE=2 conftest.c >&5
configure:21656: $? = 0
configure:21663: test -z "$ac_c_werror_flag" || test ! -s conftest.err
configure:21666: $? = 0
configure:21673: test -s conftest.o
configure:21676: $? = 0
configure:21687: result: yes
configure:21691: checking fcntl.h presence
configure:21706: gcc -E -D_FORTIFY_SOURCE=2 conftest.c
configure:21712: $? = 0
configure:21733: result: yes
configure:21761: checking for fcntl.h
configure:21769: result: yes
configure:21633: checking locale.h usability
configure:21650: gcc -c -g -O2 -fstack-protector --param=ssp-buffer-size=4 -Wformat -Werror=format-security -Wall -D_FORTIFY_SOURCE=2 conftest.c >&5
configure:21656: $? = 0
configure:21663: test -z "$ac_c_werror_flag" || test ! -s conftest.err
configure:21666: $? = 0
configure:21673: test -s conftest.o
configure:21676: $? = 0
configure:21687: result: yes
configure:21691: checking locale.h presence
configure:21706: gcc -E -D_FORTIFY_SOURCE=2 conftest.c
configure:21712: $? = 0
configure:21733: result: yes
configure:21761: checking for locale.h
configure:21769: result: yes
configure:21623: checking for stdint.h
configure:21629: result: yes
configure:21623: checking for stdlib.h
configure:21629: result: yes
configure:21623: checking for string.h
configure:21629: result: yes
configure:21623: checking for unistd.h
configure:21629: result: yes
configure:21784: checking for an ANSI C-conforming const
configure:21859: gcc -c -g -O2 -fstack-protector --param=ssp-buffer-size=4 -Wformat -Werror=format-security -Wall -D_FORTIFY_SOURCE=2 conftest.c >&5
conftest.c: In function 'main':
conftest.c:58:10: warning: 't' is used uninitialized in this function [-Wuninitialized]
conftest.c:80:12: warning: 'x[0]' is used uninitialized in this function [-Wuninitialized]
configure:21865: $? = 0
configure:21872: test -z "$ac_c_werror_flag" || test ! -s conftest.err
configure:21875: $? = 0
configure:21882: test -s conftest.o
configure:21885: $? = 0
configure:21897: result: yes
configure:21914: checking for stdlib.h
configure:21920: result: yes
configure:22073: checking for GNU libc compatible malloc
configure:22107: gcc -o conftest -g -O2 -fstack-protector --param=ssp-buffer-size=4 -Wformat -Werror=format-security -Wall -D_FORTIFY_SOURCE=2 -Wl,-z,relro conftest.c  >&5
configure:22110: $? = 0
configure:22116: ./conftest
configure:22119: $? = 0
configure:22135: result: yes
configure:22169: checking for stdlib.h
configure:22175: result: yes
configure:22169: checking for unistd.h
configure:22175: result: yes
configure:22332: checking for getpagesize
configure:22388: gcc -o conftest -g -O2 -fstack-protector --param=ssp-buffer-size=4 -Wformat -Werror=format-security -Wall -D_FORTIFY_SOURCE=2 -Wl,-z,relro conftest.c  >&5
configure:22394: $? = 0
configure:22401: test -z "$ac_c_werror_flag" || test ! -s conftest.err
configure:22404: $? = 0
configure:22411: test -s conftest
configure:22414: $? = 0
configure:22428: result: yes
configure:22438: checking for working mmap
configure:22585: gcc -o conftest -g -O2 -fstack-protector --param=ssp-buffer-size=4 -Wformat -Werror=format-security -Wall -D_FORTIFY_SOURCE=2 -Wl,-z,relro conftest.c  >&5
configure:22588: $? = 0
configure:22594: ./conftest
configure:22597: $? = 0
configure:22613: result: yes
configure:22624: checking whether lstat dereferences a symlink specified with a trailing slash
configure:22660: gcc -o conftest -g -O2 -fstack-protector --param=ssp-buffer-size=4 -Wformat -Werror=format-security -Wall -D_FORTIFY_SOURCE=2 -Wl,-z,relro conftest.c  >&5
configure:22663: $? = 0
configure:22669: ./conftest
configure:22672: $? = 0
configure:22695: result: yes
configure:22714: checking whether stat accepts an empty string
configure:22744: gcc -o conftest -g -O2 -fstack-protector --param=ssp-buffer-size=4 -Wformat -Werror=format-security -Wall -D_FORTIFY_SOURCE=2 -Wl,-z,relro conftest.c  >&5
configure:22747: $? = 0
configure:22753: ./conftest
configure:22756: $? = 0
configure:22772: result: no
configure:22798: checking for getcwd
configure:22854: gcc -o conftest -g -O2 -fstack-protector --param=ssp-buffer-size=4 -Wformat -Werror=format-security -Wall -D_FORTIFY_SOURCE=2 -Wl,-z,relro conftest.c  >&5
configure:22860: $? = 0
configure:22867: test -z "$ac_c_werror_flag" || test ! -s conftest.err
configure:22870: $? = 0
configure:22877: test -s conftest
configure:22880: $? = 0
configure:22894: result: yes
configure:22798: checking for putenv
configure:22854: gcc -o conftest -g -O2 -fstack-protector --param=ssp-buffer-size=4 -Wformat -Werror=format-security -Wall -D_FORTIFY_SOURCE=2 -Wl,-z,relro conftest.c  >&5
configure:22860: $? = 0
configure:22867: test -z "$ac_c_werror_flag" || test ! -s conftest.err
configure:22870: $? = 0
configure:22877: test -s conftest
configure:22880: $? = 0
configure:22894: result: yes
configure:22798: checking for setlocale
configure:22854: gcc -o conftest -g -O2 -fstack-protector --param=ssp-buffer-size=4 -Wformat -Werror=format-security -Wall -D_FORTIFY_SOURCE=2 -Wl,-z,relro conftest.c  >&5
configure:22860: $? = 0
configure:22867: test -z "$ac_c_werror_flag" || test ! -s conftest.err
configure:22870: $? = 0
configure:22877: test -s conftest
configure:22880: $? = 0
configure:22894: result: yes
configure:22798: checking for strerror
configure:22854: gcc -o conftest -g -O2 -fstack-protector --param=ssp-buffer-size=4 -Wformat -Werror=format-security -Wall -D_FORTIFY_SOURCE=2 -Wl,-z,relro conftest.c  >&5
configure:22860: $? = 0
configure:22867: test -z "$ac_c_werror_flag" || test ! -s conftest.err
configure:22870: $? = 0
configure:22877: test -s conftest
configure:22880: $? = 0
configure:22894: result: yes
configure:22798: checking for strrchr
configure:22854: gcc -o conftest -g -O2 -fstack-protector --param=ssp-buffer-size=4 -Wformat -Werror=format-security -Wall -D_FORTIFY_SOURCE=2 -Wl,-z,relro conftest.c  >&5
conftest.c:63:6: warning: conflicting types for built-in function 'strrchr' [enabled by default]
configure:22860: $? = 0
configure:22867: test -z "$ac_c_werror_flag" || test ! -s conftest.err
configure:22870: $? = 0
configure:22877: test -s conftest
configure:22880: $? = 0
configure:22894: result: yes
configure:22798: checking for strstr
configure:22854: gcc -o conftest -g -O2 -fstack-protector --param=ssp-buffer-size=4 -Wformat -Werror=format-security -Wall -D_FORTIFY_SOURCE=2 -Wl,-z,relro conftest.c  >&5
conftest.c:64:6: warning: conflicting types for built-in function 'strstr' [enabled by default]
configure:22860: $? = 0
configure:22867: test -z "$ac_c_werror_flag" || test ! -s conftest.err
configure:22870: $? = 0
configure:22877: test -s conftest
configure:22880: $? = 0
configure:22894: result: yes
configure:22798: checking for munmap
configure:22854: gcc -o conftest -g -O2 -fstack-protector --param=ssp-buffer-size=4 -Wformat -Werror=format-security -Wall -D_FORTIFY_SOURCE=2 -Wl,-z,relro conftest.c  >&5
configure:22860: $? = 0
configure:22867: test -z "$ac_c_werror_flag" || test ! -s conftest.err
configure:22870: $? = 0
configure:22877: test -s conftest
configure:22880: $? = 0
configure:22894: result: yes
configure:22939: checking whether gcc understands -Wno-sign-compare
configure:22962: gcc -c -Wall -Wmissing-prototypes -Wnested-externs -Wpointer-arith -g -O2 -fstack-protector --param=ssp-buffer-size=4 -Wformat -Werror=format-security -Wall -Wno-sign-compare -D_FORTIFY_SOURCE=2 conftest.c >&5
configure:22968: $? = 0
configure:22975: test -z "$ac_c_werror_flag" || test ! -s conftest.err
configure:22978: $? = 0
configure:22985: test -s conftest.o
configure:22988: $? = 0
configure:23000: result: yes
configure:23020: checking what warning flags to pass to the C compiler
configure:23022: result: -Wall -Wmissing-prototypes -Wnested-externs -Wpointer-arith -Wno-sign-compare
configure:23033: checking what language compliance flags to pass to the C compiler
configure:23048: result: 
configure:23070: checking for locale.h
configure:23076: result: yes
configure:23230: checking for LC_MESSAGES
configure:23256: gcc -o conftest -g -O2 -fstack-protector --param=ssp-buffer-size=4 -Wformat -Werror=format-security -Wall -D_FORTIFY_SOURCE=2 -Wl,-z,relro conftest.c  >&5
configure:23262: $? = 0
configure:23269: test -z "$ac_c_werror_flag" || test ! -s conftest.err
configure:23272: $? = 0
configure:23279: test -s conftest
configure:23282: $? = 0
configure:23295: result: yes
configure:23324: checking libintl.h usability
configure:23341: gcc -c -g -O2 -fstack-protector --param=ssp-buffer-size=4 -Wformat -Werror=format-security -Wall -D_FORTIFY_SOURCE=2 conftest.c >&5
configure:23347: $? = 0
configure:23354: test -z "$ac_c_werror_flag" || test ! -s conftest.err
configure:23357: $? = 0
configure:23364: test -s conftest.o
configure:23367: $? = 0
configure:23378: result: yes
configure:23382: checking libintl.h presence
configure:23397: gcc -E -D_FORTIFY_SOURCE=2 conftest.c
configure:23403: $? = 0
configure:23424: result: yes
configure:23452: checking for libintl.h
configure:23459: result: yes
configure:23470: checking for ngettext in libc
configure:23498: gcc -o conftest -g -O2 -fstack-protector --param=ssp-buffer-size=4 -Wformat -Werror=format-security -Wall -D_FORTIFY_SOURCE=2 -Wl,-z,relro conftest.c  >&5
configure:23504: $? = 0
configure:23511: test -z "$ac_c_werror_flag" || test ! -s conftest.err
configure:23514: $? = 0
configure:23521: test -s conftest
configure:23524: $? = 0
configure:23538: result: yes
configure:23542: checking for dgettext in libc
configure:23570: gcc -o conftest -g -O2 -fstack-protector --param=ssp-buffer-size=4 -Wformat -Werror=format-security -Wall -D_FORTIFY_SOURCE=2 -Wl,-z,relro conftest.c  >&5
configure:23576: $? = 0
configure:23583: test -z "$ac_c_werror_flag" || test ! -s conftest.err
configure:23586: $? = 0
configure:23593: test -s conftest
configure:23596: $? = 0
configure:23610: result: yes
configure:23619: checking for bind_textdomain_codeset
configure:23675: gcc -o conftest -g -O2 -fstack-protector --param=ssp-buffer-size=4 -Wformat -Werror=format-security -Wall -D_FORTIFY_SOURCE=2 -Wl,-z,relro conftest.c  >&5
configure:23681: $? = 0
configure:23688: test -z "$ac_c_werror_flag" || test ! -s conftest.err
configure:23691: $? = 0
configure:23698: test -s conftest
configure:23701: $? = 0
configure:23715: result: yes
configure:24298: checking for msgfmt
configure:24325: result: /usr/bin/msgfmt
configure:24338: checking for dcgettext
configure:24394: gcc -o conftest -g -O2 -fstack-protector --param=ssp-buffer-size=4 -Wformat -Werror=format-security -Wall -D_FORTIFY_SOURCE=2 -Wl,-z,relro conftest.c   >&5
conftest.c:71:6: warning: conflicting types for built-in function 'dcgettext' [enabled by default]
configure:24400: $? = 0
configure:24407: test -z "$ac_c_werror_flag" || test ! -s conftest.err
configure:24410: $? = 0
configure:24417: test -s conftest
configure:24420: $? = 0
configure:24434: result: yes
configure:24446: checking for gmsgfmt
configure:24477: result: /usr/bin/msgfmt
configure:24487: checking for xgettext
configure:24514: result: /usr/bin/xgettext
configure:24543: gcc -o conftest -g -O2 -fstack-protector --param=ssp-buffer-size=4 -Wformat -Werror=format-security -Wall -D_FORTIFY_SOURCE=2 -Wl,-z,relro conftest.c   >&5
configure:24549: $? = 0
configure:24556: test -z "$ac_c_werror_flag" || test ! -s conftest.err
configure:24559: $? = 0
configure:24566: test -s conftest
configure:24569: $? = 0
configure:24750: checking for catalogs to be installed
configure:24775: result:  ja de de_CH
configure:25002: creating ./config.status

## ---------------------- ##
## Running config.status. ##
## ---------------------- ##

This file was extended by gjiten config.status 2.6, which was
generated by GNU Autoconf 2.59e.  Invocation command line was

  CONFIG_FILES    = 
  CONFIG_HEADERS  = 
  CONFIG_LINKS    = 
  CONFIG_COMMANDS = 
  $ ./config.status 

on camelia

config.status:722: creating Makefile
config.status:722: creating pixmaps/Makefile
config.status:722: creating rpm/gjiten.spec
config.status:722: creating src/Makefile
config.status:722: creating data/Makefile
config.status:722: creating help/Makefile
config.status:722: creating po/Makefile.in
config.status:722: creating po/Makefile
config.status:722: creating gnome/Makefile
config.status:722: creating help/C/Makefile
config.status:722: creating help/ja/Makefile
config.status:722: creating dicfiles/Makefile
config.status:722: creating config.h
config.status:1030: executing depfiles commands
config.status:1030: executing intltool commands
config.status:1030: executing default-1 commands
config.status:1030: executing po/stamp-it commands

## ---------------- ##
## Cache variables. ##
## ---------------- ##

ac_cv_build=x86_64-pc-linux-gnu
ac_cv_c_compiler_gnu=yes
ac_cv_c_const=yes
ac_cv_cxx_compiler_gnu=yes
ac_cv_env_CCC_set=
ac_cv_env_CCC_value=
ac_cv_env_CC_set=
ac_cv_env_CC_value=
ac_cv_env_CFLAGS_set=set
ac_cv_env_CFLAGS_value='-g -O2 -fstack-protector --param=ssp-buffer-size=4 -Wformat -Werror=format-security -Wall'
ac_cv_env_CPPFLAGS_set=set
ac_cv_env_CPPFLAGS_value=-D_FORTIFY_SOURCE=2
ac_cv_env_CPP_set=
ac_cv_env_CPP_value=
ac_cv_env_CXXCPP_set=
ac_cv_env_CXXCPP_value=
ac_cv_env_CXXFLAGS_set=set
ac_cv_env_CXXFLAGS_value='-g -O2 -fstack-protector --param=ssp-buffer-size=4 -Wformat -Werror=format-security -Wall'
ac_cv_env_CXX_set=
ac_cv_env_CXX_value=
ac_cv_env_F77_set=
ac_cv_env_F77_value=
ac_cv_env_FFLAGS_set=
ac_cv_env_FFLAGS_value=
ac_cv_env_GJITEN_CFLAGS_set=
ac_cv_env_GJITEN_CFLAGS_value=
ac_cv_env_GJITEN_LIBS_set=
ac_cv_env_GJITEN_LIBS_value=
ac_cv_env_LDFLAGS_set=set
ac_cv_env_LDFLAGS_value=-Wl,-z,relro
ac_cv_env_PKG_CONFIG_set=
ac_cv_env_PKG_CONFIG_value=
ac_cv_env_build_alias_set=set
ac_cv_env_build_alias_value=x86_64-linux-gnu
ac_cv_env_host_alias_set=
ac_cv_env_host_alias_value=
ac_cv_env_target_alias_set=
ac_cv_env_target_alias_value=
ac_cv_f77_compiler_gnu=no
ac_cv_func_bind_textdomain_codeset=yes
ac_cv_func_dcgettext=yes
ac_cv_func_getcwd=yes
ac_cv_func_getpagesize=yes
ac_cv_func_lstat_dereferences_slashed_symlink=yes
ac_cv_func_malloc_0_nonnull=yes
ac_cv_func_mmap_fixed_mapped=yes
ac_cv_func_munmap=yes
ac_cv_func_putenv=yes
ac_cv_func_setlocale=yes
ac_cv_func_stat_empty_string_bug=no
ac_cv_func_strerror=yes
ac_cv_func_strrchr=yes
ac_cv_func_strstr=yes
ac_cv_header_dlfcn_h=yes
ac_cv_header_errno_h=yes
ac_cv_header_fcntl_h=yes
ac_cv_header_inttypes_h=yes
ac_cv_header_libintl_h=yes
ac_cv_header_locale_h=yes
ac_cv_header_memory_h=yes
ac_cv_header_stdc=yes
ac_cv_header_stdint_h=yes
ac_cv_header_stdlib_h=yes
ac_cv_header_string_h=yes
ac_cv_header_strings_h=yes
ac_cv_header_sys_stat_h=yes
ac_cv_header_sys_types_h=yes
ac_cv_header_unistd_h=yes
ac_cv_host=x86_64-pc-linux-gnu
ac_cv_objext=o
ac_cv_path_EGREP='/bin/grep -E'
ac_cv_path_GCONFTOOL=/usr/bin/gconftool-2
ac_cv_path_GMSGFMT=/usr/bin/msgfmt
ac_cv_path_GREP=/bin/grep
ac_cv_path_INTLTOOL_ICONV=/usr/bin/iconv
ac_cv_path_INTLTOOL_MSGFMT=/usr/bin/msgfmt
ac_cv_path_INTLTOOL_MSGMERGE=/usr/bin/msgmerge
ac_cv_path_INTLTOOL_PERL=/usr/bin/perl
ac_cv_path_INTLTOOL_XGETTEXT=/usr/bin/xgettext
ac_cv_path_MSGFMT=/usr/bin/msgfmt
ac_cv_path_XGETTEXT=/usr/bin/xgettext
ac_cv_path_ac_pt_PKG_CONFIG=/usr/bin/pkg-config
ac_cv_path_install='/usr/bin/install -c'
ac_cv_prog_AWK=gawk
ac_cv_prog_CPP='gcc -E'
ac_cv_prog_CXXCPP='g++ -E'
ac_cv_prog_ac_ct_AR=ar
ac_cv_prog_ac_ct_CC=gcc
ac_cv_prog_ac_ct_CXX=g++
ac_cv_prog_ac_ct_RANLIB=ranlib
ac_cv_prog_ac_ct_STRIP=strip
ac_cv_prog_cc_c89=
ac_cv_prog_cc_g=yes
ac_cv_prog_cxx_g=yes
ac_cv_prog_f77_g=no
ac_cv_prog_make_make_set=yes
ac_cv_search_strerror='none required'
am_cv_CC_dependencies_compiler_type=none
am_cv_CXX_dependencies_compiler_type=none
am_cv_val_LC_MESSAGES=yes
gt_cv_func_dgettext_libc=yes
gt_cv_func_dgettext_libintl=no
gt_cv_func_ngettext_libc=yes
gt_cv_have_gettext=yes
lt_cv_deplibs_check_method=pass_all
lt_cv_file_magic_cmd='$MAGIC_CMD'
lt_cv_file_magic_test_file=
lt_cv_ld_reload_flag=-r
lt_cv_objdir=.libs
lt_cv_path_LD=/usr/bin/ld
lt_cv_path_LDCXX='/usr/bin/ld -m elf_x86_64'
lt_cv_path_NM='/usr/bin/nm -B'
lt_cv_path_SED=/bin/sed
lt_cv_prog_compiler_c_o=yes
lt_cv_prog_compiler_c_o_CXX=yes
lt_cv_prog_compiler_rtti_exceptions=no
lt_cv_prog_gnu_ld=yes
lt_cv_prog_gnu_ldcxx=yes
lt_cv_sys_global_symbol_pipe='sed -n -e '\''s/^.*[ 	]\([ABCDGIRSTW][ABCDGIRSTW]*\)[ 	][ 	]*\([_A-Za-z][_A-Za-z0-9]*\)$/\1 \2 \2/p'\'''
lt_cv_sys_global_symbol_to_c_name_address='sed -n -e '\''s/^: \([^ ]*\) $/  {\"\1\", (lt_ptr) 0},/p'\'' -e '\''s/^[BCDEGRST] \([^ ]*\) \([^ ]*\)$/  {"\2", (lt_ptr) \&\2},/p'\'''
lt_cv_sys_global_symbol_to_cdecl='sed -n -e '\''s/^. .* \(.*\)$/extern int \1;/p'\'''
lt_cv_sys_max_cmd_len=32768
lt_lt_cv_prog_compiler_c_o='"yes"'
lt_lt_cv_prog_compiler_c_o_CXX='"yes"'
lt_lt_cv_sys_global_symbol_pipe='"sed -n -e '\''s/^.*[ 	]\\([ABCDGIRSTW][ABCDGIRSTW]*\\)[ 	][ 	]*\\([_A-Za-z][_A-Za-z0-9]*\\)\$/\\1 \\2 \\2/p'\''"'
lt_lt_cv_sys_global_symbol_to_c_name_address='"sed -n -e '\''s/^: \\([^ ]*\\) \$/  {\\\"\\1\\\", (lt_ptr) 0},/p'\'' -e '\''s/^[BCDEGRST] \\([^ ]*\\) \\([^ ]*\\)\$/  {\"\\2\", (lt_ptr) \\&\\2},/p'\''"'
lt_lt_cv_sys_global_symbol_to_cdecl='"sed -n -e '\''s/^. .* \\(.*\\)\$/extern int \\1;/p'\''"'
pkg_cv_GJITEN_CFLAGS='-D_REENTRANT -pthread -DORBIT2=1 -I/usr/include/gconf/2 -I/usr/include/glib-2.0 -I/usr/lib/x86_64-linux-gnu/glib-2.0/include -I/usr/include/dbus-1.0 -I/usr/lib/x86_64-linux-gnu/dbus-1.0/include -I/usr/include/libart-2.0 -I/usr/include/gnome-keyring-1 -I/usr/include/gtk-2.0 -I/usr/include/gdk-pixbuf-2.0 -I/usr/include/libxml2 -I/usr/include/pango-1.0 -I/usr/include/gail-1.0 -I/usr/include/harfbuzz -I/usr/include/freetype2 -I/usr/include/atk-1.0 -I/usr/lib/x86_64-linux-gnu/gtk-2.0/include -I/usr/include/cairo -I/usr/include/gio-unix-2.0/ -I/usr/include/pixman-1 -I/usr/include/libpng12 -I/usr/include/libgnome-2.0 -I/usr/include/orbit-2.0 -I/usr/include/gnome-vfs-2.0 -I/usr/lib/gnome-vfs-2.0/include -I/usr/include/libbonobo-2.0 -I/usr/include/bonobo-activation-2.0 -I/usr/include/libgnomeui-2.0 -I/usr/include/libbonoboui-2.0 -I/usr/include/libgnomecanvas-2.0 -I/usr/include/libglade-2.0  '
pkg_cv_GJITEN_LIBS='-pthread -lgnomeui-2 -lSM -lICE -lbonoboui-2 -lgnomevfs-2 -lgnomecanvas-2 -lgnome-2 -lpopt -lbonobo-2 -lbonobo-activation -lORBit-2 -lart_lgpl_2 -lgthread-2.0 -lgmodule-2.0 -lrt -lglade-2.0 -lgtk-x11-2.0 -lxml2 -lgdk-x11-2.0 -latk-1.0 -lgio-2.0 -lpangoft2-1.0 -lpangocairo-1.0 -lgdk_pixbuf-2.0 -lcairo -lpango-1.0 -lfreetype -lfontconfig -lgobject-2.0 -lgconf-2 -lglib-2.0  '

## ----------------- ##
## Output variables. ##
## ----------------- ##

ACLOCAL='${SHELL} /home/joj/workspace/experimental/gjiten-2.7/gjiten-2.6/missing --run aclocal-1.9'
ACLOCAL_AMFLAGS='${ACLOCAL_FLAGS}'
ALL_LINGUAS='ja de de_CH'
AMDEPBACKSLASH=''
AMDEP_FALSE=''
AMDEP_TRUE='#'
AMTAR='${SHELL} /home/joj/workspace/experimental/gjiten-2.7/gjiten-2.6/missing --run tar'
AR='ar'
AUTOCONF='${SHELL} /home/joj/workspace/experimental/gjiten-2.7/gjiten-2.6/missing --run autoconf'
AUTOHEADER='${SHELL} /home/joj/workspace/experimental/gjiten-2.7/gjiten-2.6/missing --run autoheader'
AUTOMAKE='${SHELL} /home/joj/workspace/experimental/gjiten-2.7/gjiten-2.6/missing --run automake-1.9'
AWK='gawk'
CATALOGS=' ja.gmo de.gmo de_CH.gmo'
CATOBJEXT='.gmo'
CC='gcc'
CCDEPMODE='depmode=none'
CFLAGS='-g -O2 -fstack-protector --param=ssp-buffer-size=4 -Wformat -Werror=format-security -Wall'
CLEANFILES='*~'
CPP='gcc -E'
CPPFLAGS='-D_FORTIFY_SOURCE=2'
CXX='g++'
CXXCPP='g++ -E'
CXXDEPMODE='depmode=none'
CXXFLAGS='-g -O2 -fstack-protector --param=ssp-buffer-size=4 -Wformat -Werror=format-security -Wall'
CYGPATH_W='echo'
DATADIRNAME='share'
DEBUG_FLAGS=''
DEFS='-DHAVE_CONFIG_H'
DEPDIR='.deps'
ECHO='echo'
ECHO_C=''
ECHO_N='-n'
ECHO_T=''
EGREP='/bin/grep -E'
EXEEXT=''
F77=''
FFLAGS=''
GCONFTOOL='/usr/bin/gconftool-2'
GCONF_SCHEMAS_INSTALL_FALSE='#'
GCONF_SCHEMAS_INSTALL_TRUE=''
GCONF_SCHEMA_CONFIG_SOURCE='xml:merged:/etc/gconf/gconf.xml.defaults'
GCONF_SCHEMA_FILE_DIR='$(sysconfdir)/gconf/schemas'
GETTEXT_PACKAGE='gjiten'
GJITEN_CFLAGS='-D_REENTRANT -pthread -DORBIT2=1 -I/usr/include/gconf/2 -I/usr/include/glib-2.0 -I/usr/lib/x86_64-linux-gnu/glib-2.0/include -I/usr/include/dbus-1.0 -I/usr/lib/x86_64-linux-gnu/dbus-1.0/include -I/usr/include/libart-2.0 -I/usr/include/gnome-keyring-1 -I/usr/include/gtk-2.0 -I/usr/include/gdk-pixbuf-2.0 -I/usr/include/libxml2 -I/usr/include/pango-1.0 -I/usr/include/gail-1.0 -I/usr/include/harfbuzz -I/usr/include/freetype2 -I/usr/include/atk-1.0 -I/usr/lib/x86_64-linux-gnu/gtk-2.0/include -I/usr/include/cairo -I/usr/include/gio-unix-2.0/ -I/usr/include/pixman-1 -I/usr/include/libpng12 -I/usr/include/libgnome-2.0 -I/usr/include/orbit-2.0 -I/usr/include/gnome-vfs-2.0 -I/usr/lib/gnome-vfs-2.0/include -I/usr/include/libbonobo-2.0 -I/usr/include/bonobo-activation-2.0 -I/usr/include/libgnomeui-2.0 -I/usr/include/libbonoboui-2.0 -I/usr/include/libgnomecanvas-2.0 -I/usr/include/libglade-2.0  '
GJITEN_LIBS='-pthread -lgnomeui-2 -lSM -lICE -lbonoboui-2 -lgnomevfs-2 -lgnomecanvas-2 -lgnome-2 -lpopt -lbonobo-2 -lbonobo-activation -lORBit-2 -lart_lgpl_2 -lgthread-2.0 -lgmodule-2.0 -lrt -lglade-2.0 -lgtk-x11-2.0 -lxml2 -lgdk-x11-2.0 -latk-1.0 -lgio-2.0 -lpangoft2-1.0 -lpangocairo-1.0 -lgdk_pixbuf-2.0 -lcairo -lpango-1.0 -lfreetype -lfontconfig -lgobject-2.0 -lgconf-2 -lglib-2.0  '
GMOFILES=' ja.gmo de.gmo de_CH.gmo'
GMSGFMT='/usr/bin/msgfmt'
GREP='/bin/grep'
INSTALL_DATA='${INSTALL} -m 644'
INSTALL_PROGRAM='${INSTALL}'
INSTALL_SCRIPT='${INSTALL}'
INSTALL_STRIP_PROGRAM='${SHELL} $(install_sh) -c -s'
INSTOBJEXT='.mo'
INTLLIBS=''
INTLTOOL_CAVES_RULE='%.caves:     %.caves.in     $(INTLTOOL_MERGE) $(wildcard $(top_srcdir)/po/*.po) ; LC_ALL=C $(INTLTOOL_MERGE) -d -u -c $(top_builddir)/po/.intltool-merge-cache $(top_srcdir)/po $< $@'
INTLTOOL_DESKTOP_RULE='%.desktop:   %.desktop.in   $(INTLTOOL_MERGE) $(wildcard $(top_srcdir)/po/*.po) ; LC_ALL=C $(INTLTOOL_MERGE) -d -u -c $(top_builddir)/po/.intltool-merge-cache $(top_srcdir)/po $< $@'
INTLTOOL_DIRECTORY_RULE='%.directory: %.directory.in $(INTLTOOL_MERGE) $(wildcard $(top_srcdir)/po/*.po) ; LC_ALL=C $(INTLTOOL_MERGE) -d -u -c $(top_builddir)/po/.intltool-merge-cache $(top_srcdir)/po $< $@'
INTLTOOL_EXTRACT='$(top_builddir)/intltool-extract'
INTLTOOL_ICONV='/usr/bin/iconv'
INTLTOOL_KBD_RULE='%.kbd:       %.kbd.in       $(INTLTOOL_MERGE) $(wildcard $(top_srcdir)/po/*.po) ; LC_ALL=C $(INTLTOOL_MERGE) -x -u -m -c $(top_builddir)/po/.intltool-merge-cache $(top_srcdir)/po $< $@'
INTLTOOL_KEYS_RULE='%.keys:      %.keys.in      $(INTLTOOL_MERGE) $(wildcard $(top_srcdir)/po/*.po) ; LC_ALL=C $(INTLTOOL_MERGE) -k -u -c $(top_builddir)/po/.intltool-merge-cache $(top_srcdir)/po $< $@'
INTLTOOL_MERGE='$(top_builddir)/intltool-merge'
INTLTOOL_MSGFMT='/usr/bin/msgfmt'
INTLTOOL_MSGMERGE='/usr/bin/msgmerge'
INTLTOOL_OAF_RULE='%.oaf:       %.oaf.in       $(INTLTOOL_MERGE) $(wildcard $(top_srcdir)/po/*.po) ; LC_ALL=C $(INTLTOOL_MERGE) -o -p $(top_srcdir)/po $< $@'
INTLTOOL_PERL='/usr/bin/perl'
INTLTOOL_PONG_RULE='%.pong:      %.pong.in      $(INTLTOOL_MERGE) $(wildcard $(top_srcdir)/po/*.po) ; LC_ALL=C $(INTLTOOL_MERGE) -x -u -c $(top_builddir)/po/.intltool-merge-cache $(top_srcdir)/po $< $@'
INTLTOOL_PROP_RULE='%.prop:      %.prop.in      $(INTLTOOL_MERGE) $(wildcard $(top_srcdir)/po/*.po) ; LC_ALL=C $(INTLTOOL_MERGE) -d -u -c $(top_builddir)/po/.intltool-merge-cache $(top_srcdir)/po $< $@'
INTLTOOL_SCHEMAS_RULE='%.schemas:   %.schemas.in   $(INTLTOOL_MERGE) $(wildcard $(top_srcdir)/po/*.po) ; LC_ALL=C $(INTLTOOL_MERGE) -s -u -c $(top_builddir)/po/.intltool-merge-cache $(top_srcdir)/po $< $@'
INTLTOOL_SERVER_RULE='%.server:    %.server.in    $(INTLTOOL_MERGE) $(wildcard $(top_srcdir)/po/*.po) ; LC_ALL=C $(INTLTOOL_MERGE) -o -u -c $(top_builddir)/po/.intltool-merge-cache $(top_srcdir)/po $< $@'
INTLTOOL_SERVICE_RULE='%.service: %.service.in   $(INTLTOOL_MERGE) $(wildcard $(top_srcdir)/po/*.po) ; LC_ALL=C $(INTLTOOL_MERGE) -d -u -c $(top_builddir)/po/.intltool-merge-cache $(top_srcdir)/po $< $@'
INTLTOOL_SHEET_RULE='%.sheet:     %.sheet.in     $(INTLTOOL_MERGE) $(wildcard $(top_srcdir)/po/*.po) ; LC_ALL=C $(INTLTOOL_MERGE) -x -u -c $(top_builddir)/po/.intltool-merge-cache $(top_srcdir)/po $< $@'
INTLTOOL_SOUNDLIST_RULE='%.soundlist: %.soundlist.in $(INTLTOOL_MERGE) $(wildcard $(top_srcdir)/po/*.po) ; LC_ALL=C $(INTLTOOL_MERGE) -d -u -c $(top_builddir)/po/.intltool-merge-cache $(top_srcdir)/po $< $@'
INTLTOOL_THEME_RULE='%.theme:     %.theme.in     $(INTLTOOL_MERGE) $(wildcard $(top_srcdir)/po/*.po) ; LC_ALL=C $(INTLTOOL_MERGE) -d -u -c $(top_builddir)/po/.intltool-merge-cache $(top_srcdir)/po $< $@'
INTLTOOL_UI_RULE='%.ui:        %.ui.in        $(INTLTOOL_MERGE) $(wildcard $(top_srcdir)/po/*.po) ; LC_ALL=C $(INTLTOOL_MERGE) -x -u -c $(top_builddir)/po/.intltool-merge-cache $(top_srcdir)/po $< $@'
INTLTOOL_UPDATE='$(top_builddir)/intltool-update'
INTLTOOL_XAM_RULE='%.xam:       %.xml.in       $(INTLTOOL_MERGE) $(wildcard $(top_srcdir)/po/*.po) ; LC_ALL=C $(INTLTOOL_MERGE) -x -u -c $(top_builddir)/po/.intltool-merge-cache $(top_srcdir)/po $< $@'
INTLTOOL_XGETTEXT='/usr/bin/xgettext'
INTLTOOL_XML_NOMERGE_RULE='%.xml:       %.xml.in       $(INTLTOOL_MERGE) ; LC_ALL=C $(INTLTOOL_MERGE) -x -u /tmp $< $@'
INTLTOOL_XML_RULE='%.xml:       %.xml.in       $(INTLTOOL_MERGE) $(wildcard $(top_srcdir)/po/*.po) ; LC_ALL=C $(INTLTOOL_MERGE) -x -u -c $(top_builddir)/po/.intltool-merge-cache $(top_srcdir)/po $< $@'
LDFLAGS='-Wl,-z,relro'
LIBOBJS=''
LIBS=''
LIBTOOL='$(SHELL) $(top_builddir)/libtool'
LN_S='ln -s'
LTLIBOBJS=''
MAINTAINERCLEANFILES='Makefile.in'
MAKEINFO='${SHELL} /home/joj/workspace/experimental/gjiten-2.7/gjiten-2.6/missing --run makeinfo'
MKINSTALLDIRS='./mkinstalldirs'
MSGFMT='/usr/bin/msgfmt'
OBJEXT='o'
PACKAGE='gjiten'
PACKAGE_BUGREPORT=''
PACKAGE_NAME='gjiten'
PACKAGE_STRING='gjiten 2.6'
PACKAGE_TARNAME='gjiten'
PACKAGE_VERSION='2.6'
PATH_SEPARATOR=':'
PKG_CONFIG='/usr/bin/pkg-config'
POFILES=' ja.po de.po de_CH.po'
POSUB='po'
PO_IN_DATADIR_FALSE=''
PO_IN_DATADIR_TRUE=''
RANLIB='ranlib'
SET_MAKE=''
SHELL='/bin/bash'
STRIP='strip'
USE_NLS='yes'
VERSION='2.6'
WARN_CFLAGS='-Wall -Wmissing-prototypes -Wnested-externs -Wpointer-arith -Wno-sign-compare '
XGETTEXT='/usr/bin/xgettext'
ac_ct_CC='gcc'
ac_ct_CXX='g++'
ac_ct_F77=''
am__fastdepCC_FALSE=''
am__fastdepCC_TRUE='#'
am__fastdepCXX_FALSE=''
am__fastdepCXX_TRUE='#'
am__include='include'
am__leading_dot='.'
am__quote=''
am__tar='${AMTAR} chof - "$$tardir"'
am__untar='${AMTAR} xf -'
bindir='${exec_prefix}/bin'
build='x86_64-pc-linux-gnu'
build_alias='x86_64-linux-gnu'
build_cpu='x86_64'
build_os='linux-gnu'
build_vendor='pc'
datadir='${datarootdir}'
datarootdir='${prefix}/share'
docdir='${datarootdir}/doc/${PACKAGE_TARNAME}'
dvidir='${docdir}'
exec_prefix='${prefix}'
host='x86_64-pc-linux-gnu'
host_alias=''
host_cpu='x86_64'
host_os='linux-gnu'
host_vendor='pc'
htmldir='${docdir}'
includedir='${prefix}/include'
infodir='${prefix}/share/info'
install_sh='/home/joj/workspace/experimental/gjiten-2.7/gjiten-2.6/install-sh'
libdir='${exec_prefix}/lib'
libexecdir='${prefix}/lib/gjiten'
localedir='${datarootdir}/locale'
localstatedir='/var'
mandir='${prefix}/share/man'
mkdir_p='mkdir -p --'
oldincludedir='/usr/include'
pdfdir='${docdir}'
prefix='/usr'
program_transform_name='s,x,x,'
psdir='${docdir}'
sbindir='${exec_prefix}/sbin'
sharedstatedir='${prefix}/com'
sysconfdir='/etc'
target_alias=''

## ----------- ##
## confdefs.h. ##
## ----------- ##

#define PACKAGE_NAME "gjiten"
#define PACKAGE_TARNAME "gjiten"
#define PACKAGE_VERSION "2.6"
#define PACKAGE_STRING "gjiten 2.6"
#define PACKAGE_BUGREPORT ""
#define PACKAGE "gjiten"
#define VERSION "2.6"
#define STDC_HEADERS 1
#define HAVE_SYS_TYPES_H 1
#define HAVE_SYS_STAT_H 1
#define HAVE_STDLIB_H 1
#define HAVE_STRING_H 1
#define HAVE_MEMORY_H 1
#define HAVE_STRINGS_H 1
#define HAVE_INTTYPES_H 1
#define HAVE_STDINT_H 1
#define HAVE_UNISTD_H 1
#define HAVE_DLFCN_H 1
#define STDC_HEADERS 1
#define HAVE_ERRNO_H 1
#define HAVE_FCNTL_H 1
#define HAVE_LOCALE_H 1
#define HAVE_STDINT_H 1
#define HAVE_STDLIB_H 1
#define HAVE_STRING_H 1
#define HAVE_UNISTD_H 1
#define HAVE_STDLIB_H 1
#define HAVE_MALLOC 1
#define HAVE_STDLIB_H 1
#define HAVE_UNISTD_H 1
#define HAVE_GETPAGESIZE 1
#define HAVE_MMAP 1
#define LSTAT_FOLLOWS_SLASHED_SYMLINK 1
#define HAVE_GETCWD 1
#define HAVE_PUTENV 1
#define HAVE_SETLOCALE 1
#define HAVE_STRERROR 1
#define HAVE_STRRCHR 1
#define HAVE_STRSTR 1
#define HAVE_MUNMAP 1
#define GETTEXT_PACKAGE "gjiten"
#define HAVE_LOCALE_H 1
#define HAVE_LC_MESSAGES 1
#define HAVE_BIND_TEXTDOMAIN_CODESET 1
#define HAVE_GETTEXT 1
#define HAVE_DCGETTEXT 1
#define ENABLE_NLS 1
#define GJITEN_LOCALE_DIR "/usr/share/locale"
#define GJITEN_BINDIR "/usr/bin"
#define GJITEN_DATADIR "/usr/share/gjiten"
#define GNOMEDATADIR "/usr/share"
#define PIXMAPDIR "/usr/share/pixmaps"

configure: exit 0
